Build started 5/15/2017 8:15:39 PM.
     1>Project "C:\Users\Josh\Desktop\Plasma Engine\Plasma\Industrial Revolution\Industrial Revolution.vcxproj" on node 2 (Build target(s)).
     1>ClCompile:
         C:\Program Files (x86)\Microsoft Visual Studio 14.0\VC\bin\CL.exe /c /ZI /nologo /W3 /WX- /sdl /Od /Oy- /D _MBCS /Gm /EHsc /RTC1 /MDd /GS /fp:precise /Zc:wchar_t /Zc:forScope /Zc:inline /Fo"Debug\\" /Fd"Debug\vc140.pdb" /Gd /TP /analyze- /errorReport:prompt Crafting.cpp
         Crafting.cpp
     1>c:\users\josh\desktop\plasma engine\plasma\industrial revolution\crafting.cpp(26): warning C4244: '+=': conversion from 'float' to 'int', possible loss of data
     1>c:\users\josh\desktop\plasma engine\plasma\industrial revolution\crafting.cpp(28): warning C4244: '+=': conversion from 'float' to 'int', possible loss of data
     1>c:\users\josh\desktop\plasma engine\plasma\industrial revolution\crafting.cpp(139): warning C4018: '<': signed/unsigned mismatch
     1>c:\users\josh\desktop\plasma engine\plasma\industrial revolution\crafting.cpp(296): warning C4018: '<': signed/unsigned mismatch
     1>c:\users\josh\desktop\plasma engine\plasma\industrial revolution\crafting.cpp(306): warning C4018: '<=': signed/unsigned mismatch
     1>c:\users\josh\desktop\plasma engine\plasma\industrial revolution\crafting.cpp(317): warning C4018: '<': signed/unsigned mismatch
     1>c:\users\josh\desktop\plasma engine\plasma\industrial revolution\crafting.cpp(318): warning C4244: 'initializing': conversion from 'float' to 'int', possible loss of data
     1>c:\users\josh\desktop\plasma engine\plasma\industrial revolution\crafting.cpp(319): warning C4244: 'initializing': conversion from 'float' to 'int', possible loss of data
     1>c:\users\josh\desktop\plasma engine\plasma\industrial revolution\crafting.cpp(320): warning C4244: 'argument': conversion from 'int' to 'float', possible loss of data
     1>c:\users\josh\desktop\plasma engine\plasma\industrial revolution\crafting.cpp(346): warning C4018: '<': signed/unsigned mismatch
     1>c:\users\josh\desktop\plasma engine\plasma\industrial revolution\crafting.cpp(347): warning C4244: 'initializing': conversion from 'float' to 'int', possible loss of data
     1>c:\users\josh\desktop\plasma engine\plasma\industrial revolution\crafting.cpp(348): warning C4244: 'initializing': conversion from 'float' to 'int', possible loss of data
     1>c:\users\josh\desktop\plasma engine\plasma\industrial revolution\crafting.cpp(349): warning C4244: 'argument': conversion from 'int' to 'float', possible loss of data
     1>c:\users\josh\desktop\plasma engine\plasma\industrial revolution\crafting.cpp(284): warning C4715: 'Crafting::slotAvailable': not all control paths return a value
       Link:
         C:\Program Files (x86)\Microsoft Visual Studio 14.0\VC\bin\link.exe /ERRORREPORT:PROMPT /OUT:"C:\Users\Josh\Desktop\Plasma Engine\Plasma\Debug\Industrial Revolution.exe" /INCREMENTAL /NOLOGO SDL2.lib SDL2main.lib SDL2test.lib glew32.lib glew32s.lib opengl32.lib Plasma.lib kernel32.lib user32.lib gdi32.lib winspool.lib comdlg32.lib advapi32.lib shell32.lib ole32.lib oleaut32.lib uuid.lib odbc32.lib odbccp32.lib /MANIFEST /MANIFESTUAC:"level='asInvoker' uiAccess='false'" /manifest:embed /Debug /PDB:"C:\Users\Josh\Desktop\Plasma Engine\Plasma\Debug\Industrial Revolution.pdb" /SUBSYSTEM:CONSOLE /TLBID:1 /DYNAMICBASE /NXCOMPAT /IMPLIB:"C:\Users\Josh\Desktop\Plasma Engine\Plasma\Debug\Industrial Revolution.lib" /MACHINE:X86 Debug\Crafting.obj
         Debug\Game.obj
         Debug\Item.obj
         Industrial Revolution.vcxproj -> C:\Users\Josh\Desktop\Plasma Engine\Plasma\Debug\Industrial Revolution.exe
     1>Done Building Project "C:\Users\Josh\Desktop\Plasma Engine\Plasma\Industrial Revolution\Industrial Revolution.vcxproj" (Build target(s)).

Build succeeded.

Time Elapsed 00:00:01.13
